
Python 3.13.5
rustc 1.88.0 (6b00bc388 2025-06-23)
cargo 1.88.0 (873a06493 2025-05-10)
2.9.0.dev20250725
websocket-client available
requests available
pandas available
CUDA: False
MPS: True
MPS
ðŸš€ GPU Ready: apple_m1 on mps
GPU: True
ðŸš€ GPU Ready: apple_m1 on mps
signal_engine loaded
ðŸš€ GPU Ready: apple_m1 on mps
entropy_meter loaded
ðŸš€ GPU Ready: apple_m1 on mps
laggard_sniper loaded
ðŸš€ GPU Ready: apple_m1 on mps
relief_trap loaded
ðŸš€ GPU Ready: apple_m1 on mps
confidence_scoring loaded
ðŸš€ GPU Ready: apple_m1 on mps
notifier loaded
ðŸš€ GPU Ready: apple_m1 on mps
logger loaded
cupy_fallback on mps
error: linking with `cc` failed: exit status: 1
  |
  = note:  "cc" "/var/folders/_b/l058f9md4b72xws6mzdwfczr0000gn/T/rustcY5nY2c/symbols.o" "<2 object files omitted>" "<sysroot>/lib/rustlib/aarch64-apple-darwin/lib/{libstd-*,libpanic_unwind-*,libobject-*,libmemchr-*,libaddr2line-*,libgimli-*,librustc_demangle-*,libstd_detect-*,libhashbrown-*,librustc_std_workspace_alloc-*,libminiz_oxide-*,libadler2-*,libunwind-*,libcfg_if-*,liblibc-*,liballoc-*,librustc_std_workspace_core-*,libcore-*,libcompiler_builtins-*}.rlib" "-lSystem" "-lc" "-lm" "-arch" "arm64" "-mmacosx-version-min=11.0.0" "-o" "/Users/maevekelly/vespera/target/debug/build/parking_lot_core-af496622b3bee22e/build_script_build-af496622b3bee22e" "-Wl,-dead_strip" "-nodefaultlibs"
  = note: some arguments are omitted. use `--verbose` to show all linker arguments
  = note: xcrun: error: invalid active developer path (/Library/Developer/CommandLineTools), missing xcrun at: /Library/Developer/CommandLineTools/usr/bin/xcrun
          

error: could not compile `parking_lot_core` (build script) due to 1 previous error
error: linking with `cc` failed: exit status: 1
  |
  = note:  "cc" "/var/folders/_b/l058f9md4b72xws6mzdwfczr0000gn/T/rustczkDZnu/symbols.o" "<3 object files omitted>" "<sysroot>/lib/rustlib/aarch64-apple-darwin/lib/{libstd-*,libpanic_unwind-*,libobject-*,libmemchr-*,libaddr2line-*,libgimli-*,librustc_demangle-*,libstd_detect-*,libhashbrown-*,librustc_std_workspace_alloc-*,libminiz_oxide-*,libadler2-*,libunwind-*,libcfg_if-*,liblibc-*,liballoc-*,librustc_std_workspace_core-*,libcore-*,libcompiler_builtins-*}.rlib" "-lSystem" "-lc" "-lm" "-arch" "arm64" "-mmacosx-version-min=11.0.0" "-o" "/Users/maevekelly/vespera/target/debug/build/proc-macro2-2843d819f478f7ab/build_script_build-2843d819f478f7ab" "-Wl,-dead_strip" "-nodefaultlibs"
  = note: some arguments are omitted. use `--verbose` to show all linker arguments
  = note: xcrun: error: invalid active developer path (/Library/Developer/CommandLineTools), missing xcrun at: /Library/Developer/CommandLineTools/usr/bin/xcrun
          

error: could not compile `proc-macro2` (build script) due to 1 previous error
error: linking with `cc` failed: exit status: 1
  |
  = note:  "cc" "/var/folders/_b/l058f9md4b72xws6mzdwfczr0000gn/T/rustcqahljo/symbols.o" "<5 object files omitted>" "<sysroot>/lib/rustlib/aarch64-apple-darwin/lib/{libstd-*,libpanic_unwind-*,libobject-*,libmemchr-*,libaddr2line-*,libgimli-*,librustc_demangle-*,libstd_detect-*,libhashbrown-*,librustc_std_workspace_alloc-*,libminiz_oxide-*,libadler2-*,libunwind-*,libcfg_if-*,liblibc-*,liballoc-*,librustc_std_workspace_core-*,libcore-*,libcompiler_builtins-*}.rlib" "-lSystem" "-lc" "-lm" "-arch" "arm64" "-mmacosx-version-min=11.0.0" "-o" "/Users/maevekelly/vespera/target/debug/build/libc-8d818d089a3492b7/build_script_build-8d818d089a3492b7" "-Wl,-dead_strip" "-nodefaultlibs"
  = note: some arguments are omitted. use `--verbose` to show all linker arguments
  = note: xcrun: error: invalid active developer path (/Library/Developer/CommandLineTools), missing xcrun at: /Library/Developer/CommandLineTools/usr/bin/xcrun
          

error: could not compile `libc` (build script) due to 1 previous error
error: linking with `cc` failed: exit status: 1
  |
  = note:  "cc" "/var/folders/_b/l058f9md4b72xws6mzdwfczr0000gn/T/rustcoR8qBC/symbols.o" "<2 object files omitted>" "/Users/maevekelly/vespera/target/debug/deps/{libautocfg-9e4953921da0651d.rlib}.rlib" "<sysroot>/lib/rustlib/aarch64-apple-darwin/lib/{libstd-*,libpanic_unwind-*,libobject-*,libmemchr-*,libaddr2line-*,libgimli-*,librustc_demangle-*,libstd_detect-*,libhashbrown-*,librustc_std_workspace_alloc-*,libminiz_oxide-*,libadler2-*,libunwind-*,libcfg_if-*,liblibc-*,liballoc-*,librustc_std_workspace_core-*,libcore-*,libcompiler_builtins-*}.rlib" "-lSystem" "-lc" "-lm" "-arch" "arm64" "-mmacosx-version-min=11.0.0" "-o" "/Users/maevekelly/vespera/target/debug/build/lock_api-27ab2c7caae047e6/build_script_build-27ab2c7caae047e6" "-Wl,-dead_strip" "-nodefaultlibs"
  = note: some arguments are omitted. use `--verbose` to show all linker arguments
  = note: xcrun: error: invalid active developer path (/Library/Developer/CommandLineTools), missing xcrun at: /Library/Developer/CommandLineTools/usr/bin/xcrun
          

error: could not compile `lock_api` (build script) due to 1 previous error
error: linking with `cc` failed: exit status: 1
  |
  = note:  "cc" "/var/folders/_b/l058f9md4b72xws6mzdwfczr0000gn/T/rustcQXX2uI/symbols.o" "<2 object files omitted>" "<sysroot>/lib/rustlib/aarch64-apple-darwin/lib/{libstd-*,libpanic_unwind-*,libobject-*,libmemchr-*,libaddr2line-*,libgimli-*,librustc_demangle-*,libstd_detect-*,libhashbrown-*,librustc_std_workspace_alloc-*,libminiz_oxide-*,libadler2-*,libunwind-*,libcfg_if-*,liblibc-*,liballoc-*,librustc_std_workspace_core-*,libcore-*,libcompiler_builtins-*}.rlib" "-lSystem" "-lc" "-lm" "-arch" "arm64" "-mmacosx-version-min=11.0.0" "-o" "/Users/maevekelly/vespera/target/debug/build/parking_lot_core-af496622b3bee22e/build_script_build-af496622b3bee22e" "-Wl,-dead_strip" "-nodefaultlibs"
  = note: some arguments are omitted. use `--verbose` to show all linker arguments
  = note: xcrun: error: invalid active developer path (/Library/Developer/CommandLineTools), missing xcrun at: /Library/Developer/CommandLineTools/usr/bin/xcrun
          

error: could not compile `parking_lot_core` (build script) due to 1 previous error
error: linking with `cc` failed: exit status: 1
  |
  = note:  "cc" "/var/folders/_b/l058f9md4b72xws6mzdwfczr0000gn/T/rustcp9NJlm/symbols.o" "<5 object files omitted>" "<sysroot>/lib/rustlib/aarch64-apple-darwin/lib/{libstd-*,libpanic_unwind-*,libobject-*,libmemchr-*,libaddr2line-*,libgimli-*,librustc_demangle-*,libstd_detect-*,libhashbrown-*,librustc_std_workspace_alloc-*,libminiz_oxide-*,libadler2-*,libunwind-*,libcfg_if-*,liblibc-*,liballoc-*,librustc_std_workspace_core-*,libcore-*,libcompiler_builtins-*}.rlib" "-lSystem" "-lc" "-lm" "-arch" "arm64" "-mmacosx-version-min=11.0.0" "-o" "/Users/maevekelly/vespera/target/debug/build/libc-8d818d089a3492b7/build_script_build-8d818d089a3492b7" "-Wl,-dead_strip" "-nodefaultlibs"
  = note: some arguments are omitted. use `--verbose` to show all linker arguments
  = note: xcrun: error: invalid active developer path (/Library/Developer/CommandLineTools), missing xcrun at: /Library/Developer/CommandLineTools/usr/bin/xcrun
          

error: could not compile `libc` (build script) due to 1 previous error
error: linking with `cc` failed: exit status: 1
  |
  = note:  "cc" "/var/folders/_b/l058f9md4b72xws6mzdwfczr0000gn/T/rustcWQu6lH/symbols.o" "<3 object files omitted>" "<sysroot>/lib/rustlib/aarch64-apple-darwin/lib/{libstd-*,libpanic_unwind-*,libobject-*,libmemchr-*,libaddr2line-*,libgimli-*,librustc_demangle-*,libstd_detect-*,libhashbrown-*,librustc_std_workspace_alloc-*,libminiz_oxide-*,libadler2-*,libunwind-*,libcfg_if-*,liblibc-*,liballoc-*,librustc_std_workspace_core-*,libcore-*,libcompiler_builtins-*}.rlib" "-lSystem" "-lc" "-lm" "-arch" "arm64" "-mmacosx-version-min=11.0.0" "-o" "/Users/maevekelly/vespera/target/debug/build/proc-macro2-2843d819f478f7ab/build_script_build-2843d819f478f7ab" "-Wl,-dead_strip" "-nodefaultlibs"
  = note: some arguments are omitted. use `--verbose` to show all linker arguments
  = note: xcrun: error: invalid active developer path (/Library/Developer/CommandLineTools), missing xcrun at: /Library/Developer/CommandLineTools/usr/bin/xcrun
          

error: could not compile `proc-macro2` (build script) due to 1 previous error
ðŸš€ GPU Ready: apple_m1 on mps
Testing RSI calculation...
âŒ RSI test failed: Need 15 prices, got 7
Discord webhook: configured
./one.sh: line 19: timeout: command not found
./one.sh:run_test "No hardcoded secrets" "! grep -r 'sk-' . --exclude-dir=.git --exclude='*.log' --exclude='test_*.sh' || true"
./venv/lib/python3.13/site-packages/torchvision/models/detection/mask_rcnn.py:            "recipe": "https://github.com/pytorch/vision/tree/main/references/detection#mask-r-cnn",
./venv/lib/python3.13/site-packages/torchvision/prototype/datasets/_builtin/caltech256.categories:desk-globe
./venv/lib/python3.13/site-packages/fsspec-2024.6.1.dist-info/METADATA:Requires-Dist: dask-expr; extra == 'test-downstream'
./venv/lib/python3.13/site-packages/torch/onnx/ops/__init__.py:        at_mask---Add              |
./venv/lib/python3.13/site-packages/torch/include/caffe2/utils/threadpool/WorkersPool.h:    task->Run();
./venv/lib/python3.13/site-packages/torch/include/google/protobuf/util/field_mask_util.h:    mask->add_paths(std::string(path));
./venv/lib/python3.13/site-packages/torch/_inductor/fx_passes/fuse_attention.py:    # do attn_mask->logical_not() in _scaled_dot_product_attention
./venv/lib/python3.13/site-packages/torch/_inductor/fx_passes/fuse_attention.py:    # do attn_mask->logical_not() in _scaled_dot_product_attention
./venv/lib/python3.13/site-packages/torch/_inductor/fx_passes/fuse_attention.py:    # do attn_mask->logical_not() in _scaled_dot_product_attention
Binary file ./venv/lib/python3.13/site-packages/torch/lib/libtorch_cpu.dylib matches
./venv/lib/python3.13/site-packages/httpcore-1.0.9.dist-info/METADATA:* Thread-safe / task-safe connection pooling.
./venv/lib/python3.13/site-packages/pip/_vendor/packaging/licenses/_spdx.py:    'asterisk-exception': {'id': 'Asterisk-exception', 'deprecated': False},
./venv/lib/python3.13/site-packages/pip/_vendor/packaging/licenses/_spdx.py:    'asterisk-linking-protocols-exception': {'id': 'Asterisk-linking-protocols-exception', 'deprecated': False},
./venv/lib/python3.13/site-packages/pip/_vendor/distro/distro.py:    "plesk-release",
./venv/lib/python3.13/site-packages/pip/_vendor/cachecontrol/filewrapper.py:    as the temporary files directory is disk-based (sometimes it's a
Binary file ./venv/lib/python3.13/site-packages/pip/_vendor/cachecontrol/__pycache__/filewrapper.cpython-313.pyc matches
./venv/lib/python3.13/site-packages/numpy-2.1.2.dist-info/RECORD:numpy/typing/tests/data/reveal/nditer.pyi,sha256=VFXnT75BgWSUpb-dD-q5cZkfeOqsk-x9cH626g9FWT4,2021
./venv/lib/python3.13/site-packages/scipy/stats/_continuous_distns.py:            return [sk-g1, ku-g2]
./venv/lib/python3.13/site-packages/pandas/core/array_algos/masked_accumulations.py:masked_accumulations.py is for accumulation algorithms using a mask-based approach
Binary file ./venv/lib/python3.13/site-packages/pandas/core/array_algos/__pycache__/masked_reductions.cpython-313.pyc matches
Binary file ./venv/lib/python3.13/site-packages/pandas/core/array_algos/__pycache__/masked_accumulations.cpython-313.pyc matches
./venv/lib/python3.13/site-packages/pandas/core/array_algos/masked_reductions.py:masked_reductions.py is for reduction algorithms using a mask-based approach
./venv/lib/python3.13/site-packages/torch-2.9.0.dev20250725.dist-info/RECORD:torch/include/ATen/ops/fmax.h,sha256=xjlkQhIPv31Osk-eFD5dSiV1ItGS_RVOLGcoH0QxHT4,1148
./venv/lib/python3.13/site-packages/torch-2.9.0.dev20250725.dist-info/RECORD:torch/include/ATen/ops/linalg_pinv_compositeexplicitautogradnonfunctional_dispatch.h,sha256=XHXDU1STjIrDjPVsG2W2dMJsk-7rkjatyYZFAL03i5s,907
./venv/lib/python3.13/site-packages/torch-2.9.0.dev20250725.dist-info/RECORD:torch/include/torch/csrc/instruction_counter/Module.h,sha256=YKI8ppqeYhkOi9enpFt1A5xZfsk-FVOGcGKjDoNfXfU,171
